// Output created by jacc on Tue Jan 25 16:21:56 CET 2011

state 0 (entry on module)
    $accept : _module $end

    MODULE shift 2
    . error

    module goto 1

state 1 (entry on module)
    $accept : module_$end

    $end accept
    . error

state 2 (entry on MODULE)
    module : MODULE_IDENT ';' decls body END IDENT '.'    (79)

    IDENT shift 3
    . error

state 3 (entry on IDENT)
    module : MODULE IDENT_';' decls body END IDENT '.'    (79)

    ';' shift 4
    . error

state 4 (entry on ';')
    module : MODULE IDENT ';'_decls body END IDENT '.'    (79)
    constsect : _    (62)

    CONST shift 7
    VAR reduce 62
    TYPE reduce 62
    BEGIN reduce 62
    PROCEDURE reduce 62
    . error

    constsect goto 5
    decls goto 6

state 5 (entry on constsect)
    decls : constsect_typesect varsect procs    (78)
    typesect : _    (67)

    TYPE shift 9
    VAR reduce 67
    BEGIN reduce 67
    PROCEDURE reduce 67
    . error

    typesect goto 8

state 6 (entry on decls)
    module : MODULE IDENT ';' decls_body END IDENT '.'    (79)

    BEGIN shift 11
    . error

    body goto 10

state 7 (entry on CONST)
    constdecls : _    (64)
    constsect : CONST_constdecls    (61)

    IDENT shift 14
    VAR reduce 64
    TYPE reduce 64
    BEGIN reduce 64
    PROCEDURE reduce 64
    . error

    constdecl goto 12
    constdecls goto 13

state 8 (entry on typesect)
    decls : constsect typesect_varsect procs    (78)
    varsect : _    (72)

    VAR shift 16
    BEGIN reduce 72
    PROCEDURE reduce 72
    . error

    varsect goto 15

state 9 (entry on TYPE)
    typedecls : _    (69)
    typesect : TYPE_typedecls    (66)

    IDENT shift 19
    VAR reduce 69
    BEGIN reduce 69
    PROCEDURE reduce 69
    . error

    typedecl goto 17
    typedecls goto 18

state 10 (entry on body)
    module : MODULE IDENT ';' decls body_END IDENT '.'    (79)

    END shift 20
    . error

state 11 (entry on BEGIN)
    body : BEGIN_stats    (59)

    IDENT shift 23
    IF shift 24
    WHILE shift 25
    . error

    stat goto 21
    stats goto 22

state 12 (entry on constdecl)
    constdecls : constdecl_constdecls    (63)
    constdecls : _    (64)

    IDENT shift 14
    VAR reduce 64
    TYPE reduce 64
    BEGIN reduce 64
    PROCEDURE reduce 64
    . error

    constdecl goto 12
    constdecls goto 26

state 13 (entry on constdecls)
    constsect : CONST constdecls_    (61)

    VAR reduce 61
    TYPE reduce 61
    BEGIN reduce 61
    PROCEDURE reduce 61
    . error

state 14 (entry on IDENT)
    constdecl : IDENT_'=' comp ';'    (65)

    '=' shift 27
    . error

state 15 (entry on varsect)
    decls : constsect typesect varsect_procs    (78)
    procs : _    (77)

    PROCEDURE shift 30
    BEGIN reduce 77
    . error

    proc goto 28
    procs goto 29

state 16 (entry on VAR)
    vardecls : _    (74)
    varsect : VAR_vardecls    (71)

    IDENT shift 34
    BEGIN reduce 74
    PROCEDURE reduce 74
    . error

    idents goto 31
    vardecl goto 32
    vardecls goto 33

state 17 (entry on typedecl)
    typedecls : typedecl_typedecls    (68)
    typedecls : _    (69)

    IDENT shift 19
    VAR reduce 69
    BEGIN reduce 69
    PROCEDURE reduce 69
    . error

    typedecl goto 17
    typedecls goto 35

state 18 (entry on typedecls)
    typesect : TYPE typedecls_    (66)

    VAR reduce 66
    BEGIN reduce 66
    PROCEDURE reduce 66
    . error

state 19 (entry on IDENT)
    typedecl : IDENT_'=' type ';'    (70)

    '=' shift 36
    . error

state 20 (entry on END)
    module : MODULE IDENT ';' decls body END_IDENT '.'    (79)

    IDENT shift 37
    . error

state 21 (entry on stat)
    stats : stat_';' stats    (20)
    stats : stat_    (21)

    ';' shift 38
    END reduce 21
    ELSIF reduce 21
    ELSE reduce 21
    . error

state 22 (entry on stats)
    body : BEGIN stats_    (59)

    END reduce 59
    . error

state 23 (entry on IDENT)
    actuals : _    (6)
    selectors : _    (4)
    stat : IDENT_selectors BECOMES expr    (11)
    stat : IDENT_actuals    (12)

    '(' shift 42
    '.' shift 43
    '[' shift 44
    ';' reduce 6
    END reduce 6
    ELSIF reduce 6
    ELSE reduce 6
    BECOMES reduce 4
    . error

    actuals goto 39
    selector goto 40
    selectors goto 41

state 24 (entry on IF)
    stat : IF_comp THEN stats elsifs else END    (13)
    stat : IF_comp THEN stats elsifs END    (14)

    IDENT shift 47
    INT shift 48
    '(' shift 49
    '+' shift 50
    '-' shift 51
    '~' shift 52
    . error

    comp goto 45
    expr goto 46

state 25 (entry on WHILE)
    stat : WHILE_comp DO stats END    (15)

    IDENT shift 47
    INT shift 48
    '(' shift 49
    '+' shift 50
    '-' shift 51
    '~' shift 52
    . error

    comp goto 53
    expr goto 46

state 26 (entry on constdecls)
    constdecls : constdecl constdecls_    (63)

    VAR reduce 63
    TYPE reduce 63
    BEGIN reduce 63
    PROCEDURE reduce 63
    . error

state 27 (entry on '=')
    constdecl : IDENT '='_comp ';'    (65)

    IDENT shift 47
    INT shift 48
    '(' shift 49
    '+' shift 50
    '-' shift 51
    '~' shift 52
    . error

    comp goto 54
    expr goto 46

state 28 (entry on proc)
    procs : proc_procs    (76)
    procs : _    (77)

    PROCEDURE shift 30
    BEGIN reduce 77
    . error

    proc goto 28
    procs goto 55

state 29 (entry on procs)
    decls : constsect typesect varsect procs_    (78)

    BEGIN reduce 78
    . error

state 30 (entry on PROCEDURE)
    proc : PROCEDURE_IDENT formals ';' decls body END IDENT ';'    (60)

    IDENT shift 56
    . error

state 31 (entry on idents)
    vardecl : idents_':' type ';'    (75)

    ':' shift 57
    . error

state 32 (entry on vardecl)
    vardecls : vardecl_vardecls    (73)
    vardecls : _    (74)

    IDENT shift 34
    BEGIN reduce 74
    PROCEDURE reduce 74
    . error

    idents goto 31
    vardecl goto 32
    vardecls goto 58

state 33 (entry on vardecls)
    varsect : VAR vardecls_    (71)

    BEGIN reduce 71
    PROCEDURE reduce 71
    . error

state 34 (entry on IDENT)
    idents : IDENT_',' idents    (50)
    idents : IDENT_    (51)

    ',' shift 59
    ':' reduce 51
    . error

state 35 (entry on typedecls)
    typedecls : typedecl typedecls_    (68)

    VAR reduce 68
    BEGIN reduce 68
    PROCEDURE reduce 68
    . error

state 36 (entry on '=')
    typedecl : IDENT '='_type ';'    (70)

    ARRAY shift 61
    BOOLEAN shift 62
    IDENT shift 63
    INTEGER shift 64
    RECORD shift 65
    . error

    type goto 60

state 37 (entry on IDENT)
    module : MODULE IDENT ';' decls body END IDENT_'.'    (79)

    '.' shift 66
    . error

state 38 (entry on ';')
    stats : stat ';'_stats    (20)

    IDENT shift 23
    IF shift 24
    WHILE shift 25
    . error

    stat goto 21
    stats goto 67

state 39 (entry on actuals)
    stat : IDENT actuals_    (12)

    ';' reduce 12
    END reduce 12
    ELSIF reduce 12
    ELSE reduce 12
    . error

state 40 (entry on selector)
    selectors : selector_selectors    (3)
    selectors : _    (4)

    TILDE error
    UMIN error
    TYPE error
    error error
    BEGIN error
    UPLUS error
    PROCEDURE error
    WHILE error
    $end error
    INTEGER error
    IDENT error
    IF error
    INT error
    VAR error
    ARRAY error
    RECORD error
    CONST error
    ':' error
    MODULE error
    '~' error
    '(' error
    BOOLEAN error
    '.' shift 43
    '[' shift 44
    . reduce 4

    selector goto 40
    selectors goto 68

state 41 (entry on selectors)
    stat : IDENT selectors_BECOMES expr    (11)

    BECOMES shift 69
    . error

state 42 (entry on '(')
    exprs : _    (7)
    actuals : '('_exprs ')'    (5)

    IDENT shift 47
    INT shift 48
    '(' shift 49
    '+' shift 50
    '-' shift 51
    '~' shift 52
    ')' reduce 7
    . error

    comp goto 70
    expr goto 46
    exprs goto 71
    exprs1 goto 72

state 43 (entry on '.')
    selector : '.'_IDENT    (1)

    IDENT shift 73
    . error

state 44 (entry on '[')
    selector : '['_expr ']'    (2)

    IDENT shift 47
    INT shift 48
    '(' shift 49
    '+' shift 50
    '-' shift 51
    '~' shift 52
    . error

    expr goto 74

state 45 (entry on comp)
    stat : IF comp_THEN stats elsifs else END    (13)
    stat : IF comp_THEN stats elsifs END    (14)

    THEN shift 75
    . error

state 46 (entry on expr)
    comp : expr_'=' expr    (35)
    comp : expr_'#' expr    (36)
    comp : expr_'>' expr    (37)
    comp : expr_'<' expr    (38)
    comp : expr_GEQ expr    (39)
    comp : expr_LEQ expr    (40)
    comp : expr_    (41)
    expr : expr_'*' expr    (25)
    expr : expr_DIV expr    (26)
    expr : expr_MOD expr    (27)
    expr : expr_'&' expr    (28)
    expr : expr_'+' expr    (29)
    expr : expr_'-' expr    (30)
    expr : expr_OR expr    (31)

    DIV shift 76
    GEQ shift 77
    LEQ shift 78
    MOD shift 79
    OR shift 80
    '#' shift 81
    '&' shift 82
    '*' shift 83
    '+' shift 84
    '-' shift 85
    '<' shift 86
    '=' shift 87
    '>' shift 88
    DO reduce 41
    THEN reduce 41
    ';' reduce 41
    OF reduce 41
    ',' reduce 41
    ')' reduce 41
    . error

state 47 (entry on IDENT)
    expr : IDENT_selectors    (33)
    selectors : _    (4)

    '.' shift 43
    '[' shift 44
    '#' reduce 4
    DO reduce 4
    DIV reduce 4
    THEN reduce 4
    '>' reduce 4
    GEQ reduce 4
    '<' reduce 4
    ';' reduce 4
    OR reduce 4
    END reduce 4
    '-' reduce 4
    OF reduce 4
    ',' reduce 4
    '+' reduce 4
    ELSIF reduce 4
    '*' reduce 4
    '=' reduce 4
    ')' reduce 4
    MOD reduce 4
    ']' reduce 4
    '&' reduce 4
    LEQ reduce 4
    ELSE reduce 4
    . error

    selector goto 40
    selectors goto 89

state 48 (entry on INT)
    expr : INT_    (32)

    '#' reduce 32
    DO reduce 32
    DIV reduce 32
    THEN reduce 32
    '>' reduce 32
    GEQ reduce 32
    '<' reduce 32
    ';' reduce 32
    OR reduce 32
    END reduce 32
    '-' reduce 32
    OF reduce 32
    ',' reduce 32
    '+' reduce 32
    ELSIF reduce 32
    '*' reduce 32
    '=' reduce 32
    ')' reduce 32
    MOD reduce 32
    ']' reduce 32
    '&' reduce 32
    LEQ reduce 32
    ELSE reduce 32
    . error

state 49 (entry on '(')
    expr : '('_comp ')'    (34)

    IDENT shift 47
    INT shift 48
    '(' shift 49
    '+' shift 50
    '-' shift 51
    '~' shift 52
    . error

    comp goto 90
    expr goto 46

state 50 (entry on '+')
    expr : '+'_expr    (23)

    IDENT shift 47
    INT shift 48
    '(' shift 49
    '+' shift 50
    '-' shift 51
    '~' shift 52
    . error

    expr goto 91

state 51 (entry on '-')
    expr : '-'_expr    (24)

    IDENT shift 47
    INT shift 48
    '(' shift 49
    '+' shift 50
    '-' shift 51
    '~' shift 52
    . error

    expr goto 92

state 52 (entry on '~')
    expr : '~'_expr    (22)

    IDENT shift 47
    INT shift 48
    '(' shift 49
    '+' shift 50
    '-' shift 51
    '~' shift 52
    . error

    expr goto 93

state 53 (entry on comp)
    stat : WHILE comp_DO stats END    (15)

    DO shift 94
    . error

state 54 (entry on comp)
    constdecl : IDENT '=' comp_';'    (65)

    ';' shift 95
    . error

state 55 (entry on procs)
    procs : proc procs_    (76)

    BEGIN reduce 76
    . error

state 56 (entry on IDENT)
    formals : _    (58)
    proc : PROCEDURE IDENT_formals ';' decls body END IDENT ';'    (60)

    '(' shift 97
    ';' reduce 58
    . error

    formals goto 96

state 57 (entry on ':')
    vardecl : idents ':'_type ';'    (75)

    ARRAY shift 61
    BOOLEAN shift 62
    IDENT shift 63
    INTEGER shift 64
    RECORD shift 65
    . error

    type goto 98

state 58 (entry on vardecls)
    vardecls : vardecl vardecls_    (73)

    BEGIN reduce 73
    PROCEDURE reduce 73
    . error

state 59 (entry on ',')
    idents : IDENT ','_idents    (50)

    IDENT shift 34
    . error

    idents goto 99

state 60 (entry on type)
    typedecl : IDENT '=' type_';'    (70)

    ';' shift 100
    . error

state 61 (entry on ARRAY)
    type : ARRAY_comp OF type    (45)

    IDENT shift 47
    INT shift 48
    '(' shift 49
    '+' shift 50
    '-' shift 51
    '~' shift 52
    . error

    comp goto 101
    expr goto 46

state 62 (entry on BOOLEAN)
    type : BOOLEAN_    (44)

    ';' reduce 44
    END reduce 44
    ')' reduce 44
    . error

state 63 (entry on IDENT)
    type : IDENT_    (42)

    ';' reduce 42
    END reduce 42
    ')' reduce 42
    . error

state 64 (entry on INTEGER)
    type : INTEGER_    (43)

    ';' reduce 43
    END reduce 43
    ')' reduce 43
    . error

state 65 (entry on RECORD)
    type : RECORD_fields END    (46)

    IDENT shift 34
    . error

    field goto 102
    fields goto 103
    idents goto 104

state 66 (entry on '.')
    module : MODULE IDENT ';' decls body END IDENT '.'_    (79)

    $end reduce 79
    . error

state 67 (entry on stats)
    stats : stat ';' stats_    (20)

    END reduce 20
    ELSIF reduce 20
    ELSE reduce 20
    . error

state 68 (entry on selectors)
    selectors : selector selectors_    (3)

    '#' reduce 3
    DO reduce 3
    DIV reduce 3
    THEN reduce 3
    '>' reduce 3
    GEQ reduce 3
    '<' reduce 3
    ';' reduce 3
    OR reduce 3
    END reduce 3
    '-' reduce 3
    OF reduce 3
    ',' reduce 3
    '+' reduce 3
    ELSIF reduce 3
    '*' reduce 3
    ')' reduce 3
    '=' reduce 3
    MOD reduce 3
    '&' reduce 3
    ']' reduce 3
    LEQ reduce 3
    ELSE reduce 3
    BECOMES reduce 3
    . error

state 69 (entry on BECOMES)
    stat : IDENT selectors BECOMES_expr    (11)

    IDENT shift 47
    INT shift 48
    '(' shift 49
    '+' shift 50
    '-' shift 51
    '~' shift 52
    . error

    expr goto 105

state 70 (entry on comp)
    exprs1 : comp_    (9)
    exprs1 : comp_',' exprs1    (10)

    ',' shift 106
    ')' reduce 9
    . error

state 71 (entry on exprs)
    actuals : '(' exprs_')'    (5)

    ')' shift 107
    . error

state 72 (entry on exprs1)
    exprs : exprs1_    (8)

    ')' reduce 8
    . error

state 73 (entry on IDENT)
    selector : '.' IDENT_    (1)

    UPLUS error
    TILDE error
    '~' error
    VAR error
    BEGIN error
    TYPE error
    PROCEDURE error
    MODULE error
    BOOLEAN error
    WHILE error
    IDENT error
    IF error
    INT error
    UMIN error
    ARRAY error
    RECORD error
    ':' error
    CONST error
    $end error
    '(' error
    INTEGER error
    error error
    . reduce 1

state 74 (entry on expr)
    expr : expr_'*' expr    (25)
    expr : expr_DIV expr    (26)
    expr : expr_MOD expr    (27)
    expr : expr_'&' expr    (28)
    expr : expr_'+' expr    (29)
    expr : expr_'-' expr    (30)
    expr : expr_OR expr    (31)
    selector : '[' expr_']'    (2)

    DIV shift 76
    MOD shift 79
    OR shift 80
    '&' shift 82
    '*' shift 83
    '+' shift 84
    '-' shift 85
    ']' shift 108
    . error

state 75 (entry on THEN)
    stat : IF comp THEN_stats elsifs else END    (13)
    stat : IF comp THEN_stats elsifs END    (14)

    IDENT shift 23
    IF shift 24
    WHILE shift 25
    . error

    stat goto 21
    stats goto 109

state 76 (entry on DIV)
    expr : expr DIV_expr    (26)

    IDENT shift 47
    INT shift 48
    '(' shift 49
    '+' shift 50
    '-' shift 51
    '~' shift 52
    . error

    expr goto 110

state 77 (entry on GEQ)
    comp : expr GEQ_expr    (39)

    IDENT shift 47
    INT shift 48
    '(' shift 49
    '+' shift 50
    '-' shift 51
    '~' shift 52
    . error

    expr goto 111

state 78 (entry on LEQ)
    comp : expr LEQ_expr    (40)

    IDENT shift 47
    INT shift 48
    '(' shift 49
    '+' shift 50
    '-' shift 51
    '~' shift 52
    . error

    expr goto 112

state 79 (entry on MOD)
    expr : expr MOD_expr    (27)

    IDENT shift 47
    INT shift 48
    '(' shift 49
    '+' shift 50
    '-' shift 51
    '~' shift 52
    . error

    expr goto 113

state 80 (entry on OR)
    expr : expr OR_expr    (31)

    IDENT shift 47
    INT shift 48
    '(' shift 49
    '+' shift 50
    '-' shift 51
    '~' shift 52
    . error

    expr goto 114

state 81 (entry on '#')
    comp : expr '#'_expr    (36)

    IDENT shift 47
    INT shift 48
    '(' shift 49
    '+' shift 50
    '-' shift 51
    '~' shift 52
    . error

    expr goto 115

state 82 (entry on '&')
    expr : expr '&'_expr    (28)

    IDENT shift 47
    INT shift 48
    '(' shift 49
    '+' shift 50
    '-' shift 51
    '~' shift 52
    . error

    expr goto 116

state 83 (entry on '*')
    expr : expr '*'_expr    (25)

    IDENT shift 47
    INT shift 48
    '(' shift 49
    '+' shift 50
    '-' shift 51
    '~' shift 52
    . error

    expr goto 117

state 84 (entry on '+')
    expr : expr '+'_expr    (29)

    IDENT shift 47
    INT shift 48
    '(' shift 49
    '+' shift 50
    '-' shift 51
    '~' shift 52
    . error

    expr goto 118

state 85 (entry on '-')
    expr : expr '-'_expr    (30)

    IDENT shift 47
    INT shift 48
    '(' shift 49
    '+' shift 50
    '-' shift 51
    '~' shift 52
    . error

    expr goto 119

state 86 (entry on '<')
    comp : expr '<'_expr    (38)

    IDENT shift 47
    INT shift 48
    '(' shift 49
    '+' shift 50
    '-' shift 51
    '~' shift 52
    . error

    expr goto 120

state 87 (entry on '=')
    comp : expr '='_expr    (35)

    IDENT shift 47
    INT shift 48
    '(' shift 49
    '+' shift 50
    '-' shift 51
    '~' shift 52
    . error

    expr goto 121

state 88 (entry on '>')
    comp : expr '>'_expr    (37)

    IDENT shift 47
    INT shift 48
    '(' shift 49
    '+' shift 50
    '-' shift 51
    '~' shift 52
    . error

    expr goto 122

state 89 (entry on selectors)
    expr : IDENT selectors_    (33)

    '#' reduce 33
    DO reduce 33
    DIV reduce 33
    THEN reduce 33
    '>' reduce 33
    GEQ reduce 33
    '<' reduce 33
    ';' reduce 33
    OR reduce 33
    END reduce 33
    '-' reduce 33
    OF reduce 33
    ',' reduce 33
    '+' reduce 33
    ELSIF reduce 33
    '*' reduce 33
    '=' reduce 33
    ')' reduce 33
    MOD reduce 33
    ']' reduce 33
    '&' reduce 33
    LEQ reduce 33
    ELSE reduce 33
    . error

state 90 (entry on comp)
    expr : '(' comp_')'    (34)

    ')' shift 123
    . error

state 91 (entry on expr)
    expr : '+' expr_    (23)
    expr : expr_'*' expr    (25)
    expr : expr_DIV expr    (26)
    expr : expr_MOD expr    (27)
    expr : expr_'&' expr    (28)
    expr : expr_'+' expr    (29)
    expr : expr_'-' expr    (30)
    expr : expr_OR expr    (31)

    '#' reduce 23
    DO reduce 23
    DIV reduce 23
    THEN reduce 23
    '>' reduce 23
    GEQ reduce 23
    '<' reduce 23
    ';' reduce 23
    OR reduce 23
    END reduce 23
    '-' reduce 23
    OF reduce 23
    ',' reduce 23
    '+' reduce 23
    ELSIF reduce 23
    '*' reduce 23
    '=' reduce 23
    ')' reduce 23
    MOD reduce 23
    ']' reduce 23
    '&' reduce 23
    LEQ reduce 23
    ELSE reduce 23
    . error

state 92 (entry on expr)
    expr : '-' expr_    (24)
    expr : expr_'*' expr    (25)
    expr : expr_DIV expr    (26)
    expr : expr_MOD expr    (27)
    expr : expr_'&' expr    (28)
    expr : expr_'+' expr    (29)
    expr : expr_'-' expr    (30)
    expr : expr_OR expr    (31)

    '#' reduce 24
    DO reduce 24
    DIV reduce 24
    THEN reduce 24
    '>' reduce 24
    GEQ reduce 24
    '<' reduce 24
    ';' reduce 24
    OR reduce 24
    END reduce 24
    '-' reduce 24
    OF reduce 24
    ',' reduce 24
    '+' reduce 24
    ELSIF reduce 24
    '*' reduce 24
    '=' reduce 24
    ')' reduce 24
    MOD reduce 24
    ']' reduce 24
    '&' reduce 24
    LEQ reduce 24
    ELSE reduce 24
    . error

state 93 (entry on expr)
    expr : '~' expr_    (22)
    expr : expr_'*' expr    (25)
    expr : expr_DIV expr    (26)
    expr : expr_MOD expr    (27)
    expr : expr_'&' expr    (28)
    expr : expr_'+' expr    (29)
    expr : expr_'-' expr    (30)
    expr : expr_OR expr    (31)

    '#' reduce 22
    DO reduce 22
    DIV reduce 22
    THEN reduce 22
    '>' reduce 22
    GEQ reduce 22
    '<' reduce 22
    ';' reduce 22
    OR reduce 22
    END reduce 22
    '-' reduce 22
    OF reduce 22
    ',' reduce 22
    '+' reduce 22
    ELSIF reduce 22
    '*' reduce 22
    '=' reduce 22
    ')' reduce 22
    MOD reduce 22
    ']' reduce 22
    '&' reduce 22
    LEQ reduce 22
    ELSE reduce 22
    . error

state 94 (entry on DO)
    stat : WHILE comp DO_stats END    (15)

    IDENT shift 23
    IF shift 24
    WHILE shift 25
    . error

    stat goto 21
    stats goto 124

state 95 (entry on ';')
    constdecl : IDENT '=' comp ';'_    (65)

    VAR reduce 65
    TYPE reduce 65
    IDENT reduce 65
    BEGIN reduce 65
    PROCEDURE reduce 65
    . error

state 96 (entry on formals)
    proc : PROCEDURE IDENT formals_';' decls body END IDENT ';'    (60)

    ';' shift 125
    . error

state 97 (entry on '(')
    formals : '('_')'    (56)
    formals : '('_fpsects ')'    (57)

    IDENT shift 34
    VAR shift 129
    ')' shift 130
    . error

    fpsect goto 126
    fpsects goto 127
    idents goto 128

state 98 (entry on type)
    vardecl : idents ':' type_';'    (75)

    ';' shift 131
    . error

state 99 (entry on idents)
    idents : IDENT ',' idents_    (50)

    ':' reduce 50
    . error

state 100 (entry on ';')
    typedecl : IDENT '=' type ';'_    (70)

    VAR reduce 70
    IDENT reduce 70
    BEGIN reduce 70
    PROCEDURE reduce 70
    . error

state 101 (entry on comp)
    type : ARRAY comp_OF type    (45)

    OF shift 132
    . error

state 102 (entry on field)
    fields : field_';' fields    (48)
    fields : field_    (49)

    ';' shift 133
    END reduce 49
    . error

state 103 (entry on fields)
    type : RECORD fields_END    (46)

    END shift 134
    . error

state 104 (entry on idents)
    field : idents_':' type    (47)

    ':' shift 135
    . error

state 105 (entry on expr)
    expr : expr_'*' expr    (25)
    expr : expr_DIV expr    (26)
    expr : expr_MOD expr    (27)
    expr : expr_'&' expr    (28)
    expr : expr_'+' expr    (29)
    expr : expr_'-' expr    (30)
    expr : expr_OR expr    (31)
    stat : IDENT selectors BECOMES expr_    (11)

    DIV shift 76
    MOD shift 79
    OR shift 80
    '&' shift 82
    '*' shift 83
    '+' shift 84
    '-' shift 85
    ';' reduce 11
    END reduce 11
    ELSIF reduce 11
    ELSE reduce 11
    . error

state 106 (entry on ',')
    exprs1 : comp ','_exprs1    (10)

    IDENT shift 47
    INT shift 48
    '(' shift 49
    '+' shift 50
    '-' shift 51
    '~' shift 52
    . error

    comp goto 70
    expr goto 46
    exprs1 goto 136

state 107 (entry on ')')
    actuals : '(' exprs ')'_    (5)

    ';' reduce 5
    END reduce 5
    ELSIF reduce 5
    ELSE reduce 5
    . error

state 108 (entry on ']')
    selector : '[' expr ']'_    (2)

    UPLUS error
    TILDE error
    '~' error
    VAR error
    BEGIN error
    TYPE error
    PROCEDURE error
    MODULE error
    BOOLEAN error
    WHILE error
    IDENT error
    IF error
    INT error
    UMIN error
    ARRAY error
    RECORD error
    ':' error
    CONST error
    $end error
    '(' error
    INTEGER error
    error error
    . reduce 2

state 109 (entry on stats)
    elsifs : _    (17)
    stat : IF comp THEN stats_elsifs else END    (13)
    stat : IF comp THEN stats_elsifs END    (14)

    ELSIF shift 139
    END reduce 17
    ELSE reduce 17
    . error

    elsif goto 137
    elsifs goto 138

state 110 (entry on expr)
    expr : expr_'*' expr    (25)
    expr : expr_DIV expr    (26)
    expr : expr DIV expr_    (26)
    expr : expr_MOD expr    (27)
    expr : expr_'&' expr    (28)
    expr : expr_'+' expr    (29)
    expr : expr_'-' expr    (30)
    expr : expr_OR expr    (31)

    DIV shift 76
    MOD shift 79
    '&' shift 82
    '*' shift 83
    '#' reduce 26
    DO reduce 26
    THEN reduce 26
    '>' reduce 26
    GEQ reduce 26
    '<' reduce 26
    ';' reduce 26
    OR reduce 26
    END reduce 26
    '-' reduce 26
    OF reduce 26
    ',' reduce 26
    '=' reduce 26
    '+' reduce 26
    ELSIF reduce 26
    ']' reduce 26
    ')' reduce 26
    LEQ reduce 26
    ELSE reduce 26
    . error

state 111 (entry on expr)
    comp : expr GEQ expr_    (39)
    expr : expr_'*' expr    (25)
    expr : expr_DIV expr    (26)
    expr : expr_MOD expr    (27)
    expr : expr_'&' expr    (28)
    expr : expr_'+' expr    (29)
    expr : expr_'-' expr    (30)
    expr : expr_OR expr    (31)

    DIV shift 76
    MOD shift 79
    OR shift 80
    '&' shift 82
    '*' shift 83
    '+' shift 84
    '-' shift 85
    DO reduce 39
    THEN reduce 39
    ';' reduce 39
    OF reduce 39
    ',' reduce 39
    ')' reduce 39
    . error

state 112 (entry on expr)
    comp : expr LEQ expr_    (40)
    expr : expr_'*' expr    (25)
    expr : expr_DIV expr    (26)
    expr : expr_MOD expr    (27)
    expr : expr_'&' expr    (28)
    expr : expr_'+' expr    (29)
    expr : expr_'-' expr    (30)
    expr : expr_OR expr    (31)

    DIV shift 76
    MOD shift 79
    OR shift 80
    '&' shift 82
    '*' shift 83
    '+' shift 84
    '-' shift 85
    DO reduce 40
    THEN reduce 40
    ';' reduce 40
    OF reduce 40
    ',' reduce 40
    ')' reduce 40
    . error

state 113 (entry on expr)
    expr : expr_'*' expr    (25)
    expr : expr_DIV expr    (26)
    expr : expr_MOD expr    (27)
    expr : expr MOD expr_    (27)
    expr : expr_'&' expr    (28)
    expr : expr_'+' expr    (29)
    expr : expr_'-' expr    (30)
    expr : expr_OR expr    (31)

    DIV shift 76
    MOD shift 79
    '&' shift 82
    '*' shift 83
    '#' reduce 27
    DO reduce 27
    THEN reduce 27
    '>' reduce 27
    GEQ reduce 27
    '<' reduce 27
    ';' reduce 27
    OR reduce 27
    END reduce 27
    '-' reduce 27
    OF reduce 27
    ',' reduce 27
    '=' reduce 27
    '+' reduce 27
    ELSIF reduce 27
    ']' reduce 27
    ')' reduce 27
    LEQ reduce 27
    ELSE reduce 27
    . error

state 114 (entry on expr)
    expr : expr_'*' expr    (25)
    expr : expr_DIV expr    (26)
    expr : expr_MOD expr    (27)
    expr : expr_'&' expr    (28)
    expr : expr_'+' expr    (29)
    expr : expr_'-' expr    (30)
    expr : expr_OR expr    (31)
    expr : expr OR expr_    (31)

    DIV shift 76
    MOD shift 79
    '&' shift 82
    '*' shift 83
    '#' reduce 31
    DO reduce 31
    THEN reduce 31
    '>' reduce 31
    GEQ reduce 31
    '<' reduce 31
    ';' reduce 31
    OR reduce 31
    END reduce 31
    '-' reduce 31
    OF reduce 31
    ',' reduce 31
    '=' reduce 31
    '+' reduce 31
    ELSIF reduce 31
    ']' reduce 31
    ')' reduce 31
    LEQ reduce 31
    ELSE reduce 31
    . error

state 115 (entry on expr)
    comp : expr '#' expr_    (36)
    expr : expr_'*' expr    (25)
    expr : expr_DIV expr    (26)
    expr : expr_MOD expr    (27)
    expr : expr_'&' expr    (28)
    expr : expr_'+' expr    (29)
    expr : expr_'-' expr    (30)
    expr : expr_OR expr    (31)

    DIV shift 76
    MOD shift 79
    OR shift 80
    '&' shift 82
    '*' shift 83
    '+' shift 84
    '-' shift 85
    DO reduce 36
    THEN reduce 36
    ';' reduce 36
    OF reduce 36
    ',' reduce 36
    ')' reduce 36
    . error

state 116 (entry on expr)
    expr : expr_'*' expr    (25)
    expr : expr_DIV expr    (26)
    expr : expr_MOD expr    (27)
    expr : expr_'&' expr    (28)
    expr : expr '&' expr_    (28)
    expr : expr_'+' expr    (29)
    expr : expr_'-' expr    (30)
    expr : expr_OR expr    (31)

    DIV shift 76
    MOD shift 79
    '&' shift 82
    '*' shift 83
    '#' reduce 28
    DO reduce 28
    THEN reduce 28
    '>' reduce 28
    GEQ reduce 28
    '<' reduce 28
    ';' reduce 28
    OR reduce 28
    END reduce 28
    '-' reduce 28
    OF reduce 28
    ',' reduce 28
    '=' reduce 28
    '+' reduce 28
    ELSIF reduce 28
    ']' reduce 28
    ')' reduce 28
    LEQ reduce 28
    ELSE reduce 28
    . error

state 117 (entry on expr)
    expr : expr_'*' expr    (25)
    expr : expr '*' expr_    (25)
    expr : expr_DIV expr    (26)
    expr : expr_MOD expr    (27)
    expr : expr_'&' expr    (28)
    expr : expr_'+' expr    (29)
    expr : expr_'-' expr    (30)
    expr : expr_OR expr    (31)

    DIV shift 76
    MOD shift 79
    '&' shift 82
    '*' shift 83
    '#' reduce 25
    DO reduce 25
    THEN reduce 25
    '>' reduce 25
    GEQ reduce 25
    '<' reduce 25
    ';' reduce 25
    OR reduce 25
    END reduce 25
    '-' reduce 25
    OF reduce 25
    ',' reduce 25
    '=' reduce 25
    '+' reduce 25
    ELSIF reduce 25
    ']' reduce 25
    ')' reduce 25
    LEQ reduce 25
    ELSE reduce 25
    . error

state 118 (entry on expr)
    expr : expr_'*' expr    (25)
    expr : expr_DIV expr    (26)
    expr : expr_MOD expr    (27)
    expr : expr_'&' expr    (28)
    expr : expr_'+' expr    (29)
    expr : expr '+' expr_    (29)
    expr : expr_'-' expr    (30)
    expr : expr_OR expr    (31)

    DIV shift 76
    MOD shift 79
    '&' shift 82
    '*' shift 83
    '#' reduce 29
    DO reduce 29
    THEN reduce 29
    '>' reduce 29
    GEQ reduce 29
    '<' reduce 29
    ';' reduce 29
    OR reduce 29
    END reduce 29
    '-' reduce 29
    OF reduce 29
    ',' reduce 29
    '=' reduce 29
    '+' reduce 29
    ELSIF reduce 29
    ']' reduce 29
    ')' reduce 29
    LEQ reduce 29
    ELSE reduce 29
    . error

state 119 (entry on expr)
    expr : expr_'*' expr    (25)
    expr : expr_DIV expr    (26)
    expr : expr_MOD expr    (27)
    expr : expr_'&' expr    (28)
    expr : expr_'+' expr    (29)
    expr : expr_'-' expr    (30)
    expr : expr '-' expr_    (30)
    expr : expr_OR expr    (31)

    DIV shift 76
    MOD shift 79
    '&' shift 82
    '*' shift 83
    '#' reduce 30
    DO reduce 30
    THEN reduce 30
    '>' reduce 30
    GEQ reduce 30
    '<' reduce 30
    ';' reduce 30
    OR reduce 30
    END reduce 30
    '-' reduce 30
    OF reduce 30
    ',' reduce 30
    '=' reduce 30
    '+' reduce 30
    ELSIF reduce 30
    ']' reduce 30
    ')' reduce 30
    LEQ reduce 30
    ELSE reduce 30
    . error

state 120 (entry on expr)
    comp : expr '<' expr_    (38)
    expr : expr_'*' expr    (25)
    expr : expr_DIV expr    (26)
    expr : expr_MOD expr    (27)
    expr : expr_'&' expr    (28)
    expr : expr_'+' expr    (29)
    expr : expr_'-' expr    (30)
    expr : expr_OR expr    (31)

    DIV shift 76
    MOD shift 79
    OR shift 80
    '&' shift 82
    '*' shift 83
    '+' shift 84
    '-' shift 85
    DO reduce 38
    THEN reduce 38
    ';' reduce 38
    OF reduce 38
    ',' reduce 38
    ')' reduce 38
    . error

state 121 (entry on expr)
    comp : expr '=' expr_    (35)
    expr : expr_'*' expr    (25)
    expr : expr_DIV expr    (26)
    expr : expr_MOD expr    (27)
    expr : expr_'&' expr    (28)
    expr : expr_'+' expr    (29)
    expr : expr_'-' expr    (30)
    expr : expr_OR expr    (31)

    DIV shift 76
    MOD shift 79
    OR shift 80
    '&' shift 82
    '*' shift 83
    '+' shift 84
    '-' shift 85
    DO reduce 35
    THEN reduce 35
    ';' reduce 35
    OF reduce 35
    ',' reduce 35
    ')' reduce 35
    . error

state 122 (entry on expr)
    comp : expr '>' expr_    (37)
    expr : expr_'*' expr    (25)
    expr : expr_DIV expr    (26)
    expr : expr_MOD expr    (27)
    expr : expr_'&' expr    (28)
    expr : expr_'+' expr    (29)
    expr : expr_'-' expr    (30)
    expr : expr_OR expr    (31)

    DIV shift 76
    MOD shift 79
    OR shift 80
    '&' shift 82
    '*' shift 83
    '+' shift 84
    '-' shift 85
    DO reduce 37
    THEN reduce 37
    ';' reduce 37
    OF reduce 37
    ',' reduce 37
    ')' reduce 37
    . error

state 123 (entry on ')')
    expr : '(' comp ')'_    (34)

    '#' reduce 34
    DO reduce 34
    DIV reduce 34
    THEN reduce 34
    '>' reduce 34
    GEQ reduce 34
    '<' reduce 34
    ';' reduce 34
    OR reduce 34
    END reduce 34
    '-' reduce 34
    OF reduce 34
    ',' reduce 34
    '+' reduce 34
    ELSIF reduce 34
    '*' reduce 34
    '=' reduce 34
    ')' reduce 34
    MOD reduce 34
    ']' reduce 34
    '&' reduce 34
    LEQ reduce 34
    ELSE reduce 34
    . error

state 124 (entry on stats)
    stat : WHILE comp DO stats_END    (15)

    END shift 140
    . error

state 125 (entry on ';')
    constsect : _    (62)
    proc : PROCEDURE IDENT formals ';'_decls body END IDENT ';'    (60)

    CONST shift 7
    VAR reduce 62
    TYPE reduce 62
    BEGIN reduce 62
    PROCEDURE reduce 62
    . error

    constsect goto 5
    decls goto 141

state 126 (entry on fpsect)
    fpsects : fpsect_';' fpsects    (54)
    fpsects : fpsect_    (55)

    ';' shift 142
    ')' reduce 55
    . error

state 127 (entry on fpsects)
    formals : '(' fpsects_')'    (57)

    ')' shift 143
    . error

state 128 (entry on idents)
    fpsect : idents_':' type    (52)

    ':' shift 144
    . error

state 129 (entry on VAR)
    fpsect : VAR_idents ':' type    (53)

    IDENT shift 34
    . error

    idents goto 145

state 130 (entry on ')')
    formals : '(' ')'_    (56)

    ';' reduce 56
    . error

state 131 (entry on ';')
    vardecl : idents ':' type ';'_    (75)

    IDENT reduce 75
    BEGIN reduce 75
    PROCEDURE reduce 75
    . error

state 132 (entry on OF)
    type : ARRAY comp OF_type    (45)

    ARRAY shift 61
    BOOLEAN shift 62
    IDENT shift 63
    INTEGER shift 64
    RECORD shift 65
    . error

    type goto 146

state 133 (entry on ';')
    fields : field ';'_fields    (48)

    IDENT shift 34
    . error

    field goto 102
    fields goto 147
    idents goto 104

state 134 (entry on END)
    type : RECORD fields END_    (46)

    ';' reduce 46
    END reduce 46
    ')' reduce 46
    . error

state 135 (entry on ':')
    field : idents ':'_type    (47)

    ARRAY shift 61
    BOOLEAN shift 62
    IDENT shift 63
    INTEGER shift 64
    RECORD shift 65
    . error

    type goto 148

state 136 (entry on exprs1)
    exprs1 : comp ',' exprs1_    (10)

    ')' reduce 10
    . error

state 137 (entry on elsif)
    elsifs : elsif_elsifs    (16)
    elsifs : _    (17)

    ELSIF shift 139
    END reduce 17
    ELSE reduce 17
    . error

    elsif goto 137
    elsifs goto 149

state 138 (entry on elsifs)
    stat : IF comp THEN stats elsifs_else END    (13)
    stat : IF comp THEN stats elsifs_END    (14)

    ELSE shift 151
    END shift 152
    . error

    else goto 150

state 139 (entry on ELSIF)
    elsif : ELSIF_comp THEN stats    (18)

    IDENT shift 47
    INT shift 48
    '(' shift 49
    '+' shift 50
    '-' shift 51
    '~' shift 52
    . error

    comp goto 153
    expr goto 46

state 140 (entry on END)
    stat : WHILE comp DO stats END_    (15)

    ';' reduce 15
    END reduce 15
    ELSIF reduce 15
    ELSE reduce 15
    . error

state 141 (entry on decls)
    proc : PROCEDURE IDENT formals ';' decls_body END IDENT ';'    (60)

    BEGIN shift 11
    . error

    body goto 154

state 142 (entry on ';')
    fpsects : fpsect ';'_fpsects    (54)

    IDENT shift 34
    VAR shift 129
    . error

    fpsect goto 126
    fpsects goto 155
    idents goto 128

state 143 (entry on ')')
    formals : '(' fpsects ')'_    (57)

    ';' reduce 57
    . error

state 144 (entry on ':')
    fpsect : idents ':'_type    (52)

    ARRAY shift 61
    BOOLEAN shift 62
    IDENT shift 63
    INTEGER shift 64
    RECORD shift 65
    . error

    type goto 156

state 145 (entry on idents)
    fpsect : VAR idents_':' type    (53)

    ':' shift 157
    . error

state 146 (entry on type)
    type : ARRAY comp OF type_    (45)

    ';' reduce 45
    END reduce 45
    ')' reduce 45
    . error

state 147 (entry on fields)
    fields : field ';' fields_    (48)

    END reduce 48
    . error

state 148 (entry on type)
    field : idents ':' type_    (47)

    ';' reduce 47
    END reduce 47
    . error

state 149 (entry on elsifs)
    elsifs : elsif elsifs_    (16)

    END reduce 16
    ELSE reduce 16
    . error

state 150 (entry on else)
    stat : IF comp THEN stats elsifs else_END    (13)

    END shift 158
    . error

state 151 (entry on ELSE)
    else : ELSE_stats    (19)

    IDENT shift 23
    IF shift 24
    WHILE shift 25
    . error

    stat goto 21
    stats goto 159

state 152 (entry on END)
    stat : IF comp THEN stats elsifs END_    (14)

    ';' reduce 14
    END reduce 14
    ELSIF reduce 14
    ELSE reduce 14
    . error

state 153 (entry on comp)
    elsif : ELSIF comp_THEN stats    (18)

    THEN shift 160
    . error

state 154 (entry on body)
    proc : PROCEDURE IDENT formals ';' decls body_END IDENT ';'    (60)

    END shift 161
    . error

state 155 (entry on fpsects)
    fpsects : fpsect ';' fpsects_    (54)

    ')' reduce 54
    . error

state 156 (entry on type)
    fpsect : idents ':' type_    (52)

    ';' reduce 52
    ')' reduce 52
    . error

state 157 (entry on ':')
    fpsect : VAR idents ':'_type    (53)

    ARRAY shift 61
    BOOLEAN shift 62
    IDENT shift 63
    INTEGER shift 64
    RECORD shift 65
    . error

    type goto 162

state 158 (entry on END)
    stat : IF comp THEN stats elsifs else END_    (13)

    ';' reduce 13
    END reduce 13
    ELSIF reduce 13
    ELSE reduce 13
    . error

state 159 (entry on stats)
    else : ELSE stats_    (19)

    END reduce 19
    . error

state 160 (entry on THEN)
    elsif : ELSIF comp THEN_stats    (18)

    IDENT shift 23
    IF shift 24
    WHILE shift 25
    . error

    stat goto 21
    stats goto 163

state 161 (entry on END)
    proc : PROCEDURE IDENT formals ';' decls body END_IDENT ';'    (60)

    IDENT shift 164
    . error

state 162 (entry on type)
    fpsect : VAR idents ':' type_    (53)

    ';' reduce 53
    ')' reduce 53
    . error

state 163 (entry on stats)
    elsif : ELSIF comp THEN stats_    (18)

    END reduce 18
    ELSIF reduce 18
    ELSE reduce 18
    . error

state 164 (entry on IDENT)
    proc : PROCEDURE IDENT formals ';' decls body END IDENT_';'    (60)

    ';' shift 165
    . error

state 165 (entry on ';')
    proc : PROCEDURE IDENT formals ';' decls body END IDENT ';'_    (60)

    BEGIN reduce 60
    PROCEDURE reduce 60
    . error

48 terminals, 33 nonterminals;
79 grammar rules, 166 states;
0 shift/reduce and 0 reduce/reduce conflicts reported.
